<?xml version="1.0" encoding="UTF-8"?>
<coverage generated="1744401588902" clover="3.2.0">
  <project timestamp="1744401588902" name="All files">
    <metrics statements="85" coveredstatements="80" conditionals="17" coveredconditionals="16" methods="7" coveredmethods="6" elements="109" coveredelements="102" complexity="0" loc="85" ncloc="85" packages="1" files="1" classes="1"/>
    <file name="use-fetch.ts" path="/Users/wataruoguchi/dev/poc-react-composition-examples/src/hooks/use-fetch.ts">
      <metrics statements="85" coveredstatements="80" conditionals="17" coveredconditionals="16" methods="7" coveredmethods="6"/>
      <line num="1" count="1" type="stmt"/>
      <line num="2" count="1" type="stmt"/>
      <line num="18" count="1" type="cond" truecount="1" falsecount="0"/>
      <line num="19" count="6" type="stmt"/>
      <line num="20" count="6" type="stmt"/>
      <line num="23" count="1" type="cond" truecount="1" falsecount="0"/>
      <line num="24" count="6" type="stmt"/>
      <line num="25" count="6" type="stmt"/>
      <line num="26" count="6" type="cond" truecount="1" falsecount="0"/>
      <line num="27" count="6" type="stmt"/>
      <line num="28" count="6" type="stmt"/>
      <line num="29" count="6" type="stmt"/>
      <line num="30" count="6" type="stmt"/>
      <line num="32" count="6" type="cond" truecount="1" falsecount="0"/>
      <line num="33" count="1" type="stmt"/>
      <line num="34" count="1" type="cond" truecount="1" falsecount="0"/>
      <line num="36" count="5" type="stmt"/>
      <line num="37" count="5" type="cond" truecount="1" falsecount="0"/>
      <line num="38" count="4" type="stmt"/>
      <line num="39" count="4" type="stmt"/>
      <line num="40" count="4" type="stmt"/>
      <line num="41" count="4" type="stmt"/>
      <line num="43" count="4" type="stmt"/>
      <line num="44" count="4" type="stmt"/>
      <line num="45" count="4" type="stmt"/>
      <line num="46" count="4" type="stmt"/>
      <line num="47" count="6" type="cond" truecount="1" falsecount="0"/>
      <line num="48" count="1" type="stmt"/>
      <line num="49" count="1" type="stmt"/>
      <line num="50" count="1" type="stmt"/>
      <line num="51" count="6" type="stmt"/>
      <line num="53" count="6" type="stmt"/>
      <line num="54" count="6" type="stmt"/>
      <line num="57" count="1" type="cond" truecount="1" falsecount="0"/>
      <line num="58" count="6" type="stmt"/>
      <line num="59" count="6" type="stmt"/>
      <line num="60" count="6" type="stmt"/>
      <line num="62" count="6" type="cond" truecount="1" falsecount="0"/>
      <line num="63" count="9" type="stmt"/>
      <line num="64" count="9" type="stmt"/>
      <line num="65" count="9" type="stmt"/>
      <line num="66" count="9" type="stmt"/>
      <line num="67" count="9" type="stmt"/>
      <line num="69" count="9" type="cond" truecount="1" falsecount="0"/>
      <line num="70" count="3" type="stmt"/>
      <line num="72" count="3" type="cond" truecount="1" falsecount="0"/>
      <line num="73" count="3" type="stmt"/>
      <line num="74" count="3" type="cond" truecount="1" falsecount="0"/>
      <line num="75" count="3" type="cond" truecount="1" falsecount="0"/>
      <line num="77" count="3" type="cond" truecount="1" falsecount="0"/>
      <line num="78" count="1" type="stmt"/>
      <line num="79" count="1" type="stmt"/>
      <line num="81" count="1" type="stmt"/>
      <line num="82" count="1" type="stmt"/>
      <line num="83" count="1" type="stmt"/>
      <line num="84" count="1" type="stmt"/>
      <line num="85" count="3" type="cond" truecount="1" falsecount="0"/>
      <line num="86" count="2" type="stmt"/>
      <line num="87" count="2" type="stmt"/>
      <line num="88" count="2" type="stmt"/>
      <line num="89" count="2" type="stmt"/>
      <line num="90" count="2" type="stmt"/>
      <line num="91" count="2" type="cond" truecount="0" falsecount="1"/>
      <line num="92" count="2" type="stmt"/>
      <line num="93" count="2" type="stmt"/>
      <line num="94" count="2" type="stmt"/>
      <line num="95" count="3" type="stmt"/>
      <line num="97" count="3" type="stmt"/>
      <line num="99" count="3" type="cond" truecount="1" falsecount="0"/>
      <line num="100" count="3" type="stmt"/>
      <line num="101" count="3" type="stmt"/>
      <line num="102" count="9" type="stmt"/>
      <line num="104" count="9" type="stmt"/>
      <line num="105" count="9" type="stmt"/>
      <line num="107" count="6" type="stmt"/>
      <line num="108" count="6" type="stmt"/>
      <line num="109" count="6" type="stmt"/>
      <line num="110" count="6" type="stmt"/>
      <line num="111" count="6" type="stmt"/>
      <line num="114" count="1" type="stmt"/>
      <line num="115" count="0" type="stmt"/>
      <line num="116" count="0" type="stmt"/>
      <line num="117" count="0" type="stmt"/>
      <line num="118" count="0" type="stmt"/>
      <line num="119" count="0" type="stmt"/>
    </file>
  </project>
</coverage>
