{"/Users/wataruoguchi/dev/poc-react-composition-examples/src/hooks/use-fetch.ts": {"path":"/Users/wataruoguchi/dev/poc-react-composition-examples/src/hooks/use-fetch.ts","all":false,"statementMap":{"0":{"start":{"line":1,"column":0},"end":{"line":1,"column":46}},"1":{"start":{"line":2,"column":0},"end":{"line":2,"column":44}},"17":{"start":{"line":18,"column":0},"end":{"line":18,"column":78}},"18":{"start":{"line":19,"column":0},"end":{"line":19,"column":11}},"19":{"start":{"line":20,"column":0},"end":{"line":20,"column":3}},"22":{"start":{"line":23,"column":0},"end":{"line":23,"column":34}},"23":{"start":{"line":24,"column":0},"end":{"line":24,"column":64}},"24":{"start":{"line":25,"column":0},"end":{"line":25,"column":6}},"25":{"start":{"line":26,"column":0},"end":{"line":26,"column":46}},"26":{"start":{"line":27,"column":0},"end":{"line":27,"column":8}},"27":{"start":{"line":28,"column":0},"end":{"line":28,"column":31}},"28":{"start":{"line":29,"column":0},"end":{"line":29,"column":8}},"29":{"start":{"line":30,"column":0},"end":{"line":30,"column":50}},"31":{"start":{"line":32,"column":0},"end":{"line":32,"column":19}},"32":{"start":{"line":33,"column":0},"end":{"line":33,"column":38}},"33":{"start":{"line":34,"column":0},"end":{"line":34,"column":5}},"35":{"start":{"line":36,"column":0},"end":{"line":36,"column":9}},"36":{"start":{"line":37,"column":0},"end":{"line":37,"column":55}},"37":{"start":{"line":38,"column":0},"end":{"line":38,"column":23}},"38":{"start":{"line":39,"column":0},"end":{"line":39,"column":32}},"39":{"start":{"line":40,"column":0},"end":{"line":40,"column":41}},"40":{"start":{"line":41,"column":0},"end":{"line":41,"column":8}},"42":{"start":{"line":43,"column":0},"end":{"line":43,"column":25}},"43":{"start":{"line":44,"column":0},"end":{"line":44,"column":24}},"44":{"start":{"line":45,"column":0},"end":{"line":45,"column":16}},"45":{"start":{"line":46,"column":0},"end":{"line":46,"column":9}},"46":{"start":{"line":47,"column":0},"end":{"line":47,"column":21}},"47":{"start":{"line":48,"column":0},"end":{"line":48,"column":58}},"48":{"start":{"line":49,"column":0},"end":{"line":49,"column":18}},"49":{"start":{"line":50,"column":0},"end":{"line":50,"column":5}},"50":{"start":{"line":51,"column":0},"end":{"line":51,"column":4}},"52":{"start":{"line":53,"column":0},"end":{"line":53,"column":27}},"53":{"start":{"line":54,"column":0},"end":{"line":54,"column":2}},"56":{"start":{"line":57,"column":0},"end":{"line":57,"column":31}},"57":{"start":{"line":58,"column":0},"end":{"line":58,"column":52}},"58":{"start":{"line":59,"column":0},"end":{"line":59,"column":6}},"59":{"start":{"line":60,"column":0},"end":{"line":60,"column":40}},"61":{"start":{"line":62,"column":0},"end":{"line":62,"column":68}},"62":{"start":{"line":63,"column":0},"end":{"line":63,"column":55}},"63":{"start":{"line":64,"column":0},"end":{"line":64,"column":17}},"64":{"start":{"line":65,"column":0},"end":{"line":65,"column":23}},"65":{"start":{"line":66,"column":0},"end":{"line":66,"column":18}},"66":{"start":{"line":67,"column":0},"end":{"line":67,"column":7}},"68":{"start":{"line":69,"column":0},"end":{"line":69,"column":21}},"69":{"start":{"line":70,"column":0},"end":{"line":70,"column":27}},"71":{"start":{"line":72,"column":0},"end":{"line":72,"column":37}},"72":{"start":{"line":73,"column":0},"end":{"line":73,"column":13}},"73":{"start":{"line":74,"column":0},"end":{"line":74,"column":74}},"74":{"start":{"line":75,"column":0},"end":{"line":75,"column":61}},"76":{"start":{"line":77,"column":0},"end":{"line":77,"column":29}},"77":{"start":{"line":78,"column":0},"end":{"line":78,"column":70}},"78":{"start":{"line":79,"column":0},"end":{"line":79,"column":11}},"80":{"start":{"line":81,"column":0},"end":{"line":81,"column":45}},"81":{"start":{"line":82,"column":0},"end":{"line":82,"column":26}},"82":{"start":{"line":83,"column":0},"end":{"line":83,"column":62}},"83":{"start":{"line":84,"column":0},"end":{"line":84,"column":11}},"84":{"start":{"line":85,"column":0},"end":{"line":85,"column":23}},"85":{"start":{"line":86,"column":0},"end":{"line":86,"column":26}},"86":{"start":{"line":87,"column":0},"end":{"line":87,"column":22}},"87":{"start":{"line":88,"column":0},"end":{"line":88,"column":25}},"88":{"start":{"line":89,"column":0},"end":{"line":89,"column":31}},"89":{"start":{"line":90,"column":0},"end":{"line":90,"column":20}},"90":{"start":{"line":91,"column":0},"end":{"line":91,"column":76}},"91":{"start":{"line":92,"column":0},"end":{"line":92,"column":15}},"92":{"start":{"line":93,"column":0},"end":{"line":93,"column":11}},"93":{"start":{"line":94,"column":0},"end":{"line":94,"column":9}},"94":{"start":{"line":95,"column":0},"end":{"line":95,"column":8}},"96":{"start":{"line":97,"column":0},"end":{"line":97,"column":18}},"98":{"start":{"line":99,"column":0},"end":{"line":99,"column":20}},"99":{"start":{"line":100,"column":0},"end":{"line":100,"column":26}},"100":{"start":{"line":101,"column":0},"end":{"line":101,"column":8}},"101":{"start":{"line":102,"column":0},"end":{"line":102,"column":23}},"103":{"start":{"line":104,"column":0},"end":{"line":104,"column":17}},"104":{"start":{"line":105,"column":0},"end":{"line":105,"column":4}},"106":{"start":{"line":107,"column":0},"end":{"line":107,"column":10}},"107":{"start":{"line":108,"column":0},"end":{"line":108,"column":18}},"108":{"start":{"line":109,"column":0},"end":{"line":109,"column":17}},"109":{"start":{"line":110,"column":0},"end":{"line":110,"column":4}},"110":{"start":{"line":111,"column":0},"end":{"line":111,"column":2}},"113":{"start":{"line":114,"column":0},"end":{"line":114,"column":31}},"114":{"start":{"line":115,"column":0},"end":{"line":115,"column":48}},"115":{"start":{"line":116,"column":0},"end":{"line":116,"column":24}},"116":{"start":{"line":117,"column":0},"end":{"line":117,"column":71}},"117":{"start":{"line":118,"column":0},"end":{"line":118,"column":4}},"118":{"start":{"line":119,"column":0},"end":{"line":119,"column":2}}},"s":{"0":1,"1":1,"17":1,"18":6,"19":6,"22":1,"23":6,"24":6,"25":6,"26":6,"27":6,"28":6,"29":6,"31":6,"32":1,"33":1,"35":5,"36":5,"37":4,"38":4,"39":4,"40":4,"42":4,"43":4,"44":4,"45":4,"46":6,"47":1,"48":1,"49":1,"50":6,"52":6,"53":6,"56":1,"57":6,"58":6,"59":6,"61":6,"62":9,"63":9,"64":9,"65":9,"66":9,"68":9,"69":3,"71":3,"72":3,"73":3,"74":3,"76":3,"77":1,"78":1,"80":1,"81":1,"82":1,"83":1,"84":3,"85":2,"86":2,"87":2,"88":2,"89":2,"90":2,"91":2,"92":2,"93":2,"94":3,"96":3,"98":3,"99":3,"100":3,"101":9,"103":9,"104":9,"106":6,"107":6,"108":6,"109":6,"110":6,"113":1,"114":0,"115":0,"116":0,"117":0,"118":0},"branchMap":{"0":{"type":"branch","line":18,"loc":{"start":{"line":18,"column":39},"end":{"line":20,"column":3}},"locations":[{"start":{"line":18,"column":39},"end":{"line":20,"column":3}}]},"1":{"type":"branch","line":23,"loc":{"start":{"line":23,"column":33},"end":{"line":54,"column":2}},"locations":[{"start":{"line":23,"column":33},"end":{"line":54,"column":2}}]},"2":{"type":"branch","line":26,"loc":{"start":{"line":26,"column":39},"end":{"line":51,"column":4}},"locations":[{"start":{"line":26,"column":39},"end":{"line":51,"column":4}}]},"3":{"type":"branch","line":32,"loc":{"start":{"line":32,"column":18},"end":{"line":34,"column":5}},"locations":[{"start":{"line":32,"column":18},"end":{"line":34,"column":5}}]},"4":{"type":"branch","line":34,"loc":{"start":{"line":34,"column":4},"end":{"line":37,"column":55}},"locations":[{"start":{"line":34,"column":4},"end":{"line":37,"column":55}}]},"5":{"type":"branch","line":37,"loc":{"start":{"line":37,"column":53},"end":{"line":47,"column":13}},"locations":[{"start":{"line":37,"column":53},"end":{"line":47,"column":13}}]},"6":{"type":"branch","line":47,"loc":{"start":{"line":47,"column":4},"end":{"line":50,"column":5}},"locations":[{"start":{"line":47,"column":4},"end":{"line":50,"column":5}}]},"7":{"type":"branch","line":57,"loc":{"start":{"line":57,"column":30},"end":{"line":111,"column":2}},"locations":[{"start":{"line":57,"column":30},"end":{"line":111,"column":2}}]},"8":{"type":"branch","line":62,"loc":{"start":{"line":62,"column":23},"end":{"line":105,"column":4}},"locations":[{"start":{"line":62,"column":23},"end":{"line":105,"column":4}}]},"9":{"type":"branch","line":69,"loc":{"start":{"line":69,"column":14},"end":{"line":102,"column":7}},"locations":[{"start":{"line":69,"column":14},"end":{"line":102,"column":7}}]},"10":{"type":"branch","line":72,"loc":{"start":{"line":72,"column":24},"end":{"line":95,"column":8}},"locations":[{"start":{"line":72,"column":24},"end":{"line":95,"column":8}}]},"11":{"type":"branch","line":75,"loc":{"start":{"line":75,"column":59},"end":{"line":77,"column":28}},"locations":[{"start":{"line":75,"column":59},"end":{"line":77,"column":28}}]},"12":{"type":"branch","line":77,"loc":{"start":{"line":77,"column":28},"end":{"line":84,"column":11}},"locations":[{"start":{"line":77,"column":28},"end":{"line":84,"column":11}}]},"13":{"type":"branch","line":85,"loc":{"start":{"line":85,"column":8},"end":{"line":94,"column":9}},"locations":[{"start":{"line":85,"column":8},"end":{"line":94,"column":9}}]},"14":{"type":"branch","line":91,"loc":{"start":{"line":91,"column":39},"end":{"line":91,"column":76}},"locations":[{"start":{"line":91,"column":39},"end":{"line":91,"column":76}}]},"15":{"type":"branch","line":74,"loc":{"start":{"line":74,"column":19},"end":{"line":74,"column":72}},"locations":[{"start":{"line":74,"column":19},"end":{"line":74,"column":72}}]},"16":{"type":"branch","line":99,"loc":{"start":{"line":99,"column":13},"end":{"line":101,"column":8}},"locations":[{"start":{"line":99,"column":13},"end":{"line":101,"column":8}}]}},"b":{"0":[6],"1":[6],"2":[6],"3":[1],"4":[5],"5":[4],"6":[1],"7":[6],"8":[9],"9":[3],"10":[3],"11":[2],"12":[1],"13":[2],"14":[0],"15":[3],"16":[3]},"fnMap":{"0":{"name":"createAuthTokenProvider","decl":{"start":{"line":18,"column":39},"end":{"line":20,"column":3}},"loc":{"start":{"line":18,"column":39},"end":{"line":20,"column":3}},"line":18},"1":{"name":"createFetchClient","decl":{"start":{"line":23,"column":33},"end":{"line":54,"column":2}},"loc":{"start":{"line":23,"column":33},"end":{"line":54,"column":2}},"line":23},"2":{"name":"fetchWithAuth","decl":{"start":{"line":26,"column":39},"end":{"line":51,"column":4}},"loc":{"start":{"line":26,"column":39},"end":{"line":51,"column":4}},"line":26},"3":{"name":"createUseFetch","decl":{"start":{"line":57,"column":30},"end":{"line":111,"column":2}},"loc":{"start":{"line":57,"column":30},"end":{"line":111,"column":2}},"line":57},"4":{"name":"useFetchData","decl":{"start":{"line":62,"column":23},"end":{"line":105,"column":4}},"loc":{"start":{"line":62,"column":23},"end":{"line":105,"column":4}},"line":62},"5":{"name":"fetchData","decl":{"start":{"line":72,"column":24},"end":{"line":95,"column":8}},"loc":{"start":{"line":72,"column":24},"end":{"line":95,"column":8}},"line":72},"6":{"name":"useFetch","decl":{"start":{"line":114,"column":24},"end":{"line":119,"column":2}},"loc":{"start":{"line":114,"column":24},"end":{"line":119,"column":2}},"line":114}},"f":{"0":6,"1":6,"2":6,"3":6,"4":9,"5":3,"6":0}}
}
